2016-11-21 14:50:23 [::1][-][-][error][yii\web\HttpException:404] yii\base\InvalidRouteException: Unable to resolve the request "". in C:\xampp\htdocs\basicNew\vendor\yiisoft\yii2\base\Module.php:460
Stack trace:
#0 C:\xampp\htdocs\basicNew\vendor\yiisoft\yii2\web\Application.php(87): yii\base\Module->runAction('', Array)
#1 C:\xampp\htdocs\basicNew\vendor\yiisoft\yii2\base\Application.php(375): yii\web\Application->handleRequest(Object(yii\web\Request))
#2 C:\xampp\htdocs\basicNew\web\administrador\index.php(12): yii\base\Application->run()
#3 {main}

Next yii\web\NotFoundHttpException: Página não encontrada. in C:\xampp\htdocs\basicNew\vendor\yiisoft\yii2\web\Application.php:99
Stack trace:
#0 C:\xampp\htdocs\basicNew\vendor\yiisoft\yii2\base\Application.php(375): yii\web\Application->handleRequest(Object(yii\web\Request))
#1 C:\xampp\htdocs\basicNew\web\administrador\index.php(12): yii\base\Application->run()
#2 {main}
2016-11-21 14:50:23 [::1][-][-][info][application] $_COOKIE = [
    '_identity' => '7de0b97829ae12ffb68a9a46adc7ef15fa1c8c390ca5fd002bf62b5509ebb0bba:2:{i:0;s:9:\"_identity\";i:1;s:16:\"[2,null,2592000]\";}'
    '_csrf' => 'b21203f0c80911de3b52cfd2e46843806cedf4a3f4f01329bdbeb8ce59e82a90a:2:{i:0;s:5:\"_csrf\";i:1;s:32:\"Ko21Xc1VnkVFKHJlY5cjZ1kXQuVzQsgE\";}'
    'PHPSESSID' => 'tiq847gmtr9o0c62k8crurkji1'
]

$_SERVER = [
    'MIBDIRS' => '/xampp/php/extras/mibs'
    'MYSQL_HOME' => '\\xampp\\mysql\\bin'
    'OPENSSL_CONF' => '/xampp/apache/bin/openssl.cnf'
    'PHP_PEAR_SYSCONF_DIR' => '\\xampp\\php'
    'PHPRC' => '\\xampp\\php'
    'TMP' => '\\xampp\\tmp'
    'HTTP_HOST' => 'localhost'
    'HTTP_CONNECTION' => 'keep-alive'
    'HTTP_CACHE_CONTROL' => 'max-age=0'
    'HTTP_UPGRADE_INSECURE_REQUESTS' => '1'
    'HTTP_USER_AGENT' => 'Mozilla/5.0 (Windows NT 6.1; Win64; x64) AppleWebKit/537.36 (KHTML, like Gecko) Chrome/54.0.2840.99 Safari/537.36'
    'HTTP_ACCEPT' => 'text/html,application/xhtml+xml,application/xml;q=0.9,image/webp,*/*;q=0.8'
    'HTTP_ACCEPT_ENCODING' => 'gzip, deflate, sdch, br'
    'HTTP_ACCEPT_LANGUAGE' => 'pt-BR,pt;q=0.8,en-US;q=0.6,en;q=0.4'
    'HTTP_COOKIE' => '_identity=7de0b97829ae12ffb68a9a46adc7ef15fa1c8c390ca5fd002bf62b5509ebb0bba%3A2%3A%7Bi%3A0%3Bs%3A9%3A%22_identity%22%3Bi%3A1%3Bs%3A16%3A%22%5B2%2Cnull%2C2592000%5D%22%3B%7D; _csrf=b21203f0c80911de3b52cfd2e46843806cedf4a3f4f01329bdbeb8ce59e82a90a%3A2%3A%7Bi%3A0%3Bs%3A5%3A%22_csrf%22%3Bi%3A1%3Bs%3A32%3A%22Ko21Xc1VnkVFKHJlY5cjZ1kXQuVzQsgE%22%3B%7D; PHPSESSID=tiq847gmtr9o0c62k8crurkji1'
    'PATH' => 'C:\\ProgramData\\Oracle\\Java\\javapath;C:\\Windows\\system32;C:\\Windows;C:\\Windows\\System32\\Wbem;C:\\Windows\\System32\\WindowsPowerShell\\v1.0\\;C:\\Program Files (x86)\\Intel\\OpenCL SDK\\2.0\\bin\\x86;C:\\Program Files (x86)\\Intel\\OpenCL SDK\\2.0\\bin\\x64;C:\\Windows\\system32\\config\\systemprofile\\.dnx\\bin;C:\\Program Files\\Microsoft DNX\\Dnvm\\;C:\\Program Files\\Microsoft SQL Server\\130\\Tools\\Binn\\;C:\\Program Files\\MySQL\\MySQL Utilities 1.6\\;C:\\Program Files (x86)\\GtkSharp\\2.12\\bin;C:\\Program Files\\Git\\cmd'
    'SystemRoot' => 'C:\\Windows'
    'COMSPEC' => 'C:\\Windows\\system32\\cmd.exe'
    'PATHEXT' => '.COM;.EXE;.BAT;.CMD;.VBS;.VBE;.JS;.JSE;.WSF;.WSH;.MSC'
    'WINDIR' => 'C:\\Windows'
    'SERVER_SIGNATURE' => '<address>Apache/2.4.23 (Win32) OpenSSL/1.0.2h PHP/7.0.9 Server at localhost Port 80</address>
'
    'SERVER_SOFTWARE' => 'Apache/2.4.23 (Win32) OpenSSL/1.0.2h PHP/7.0.9'
    'SERVER_NAME' => 'localhost'
    'SERVER_ADDR' => '::1'
    'SERVER_PORT' => '80'
    'REMOTE_ADDR' => '::1'
    'DOCUMENT_ROOT' => 'C:/xampp/htdocs'
    'REQUEST_SCHEME' => 'http'
    'CONTEXT_PREFIX' => ''
    'CONTEXT_DOCUMENT_ROOT' => 'C:/xampp/htdocs'
    'SERVER_ADMIN' => 'postmaster@localhost'
    'SCRIPT_FILENAME' => 'C:/xampp/htdocs/basicNew/web/administrador/index.php'
    'REMOTE_PORT' => '50303'
    'GATEWAY_INTERFACE' => 'CGI/1.1'
    'SERVER_PROTOCOL' => 'HTTP/1.1'
    'REQUEST_METHOD' => 'GET'
    'QUERY_STRING' => ''
    'REQUEST_URI' => '/basicNew/web/administrador/'
    'SCRIPT_NAME' => '/basicNew/web/administrador/index.php'
    'PHP_SELF' => '/basicNew/web/administrador/index.php'
    'REQUEST_TIME_FLOAT' => 1479736223.547
    'REQUEST_TIME' => 1479736223
]
2016-11-21 14:51:12 [::1][-][-][error][yii\web\HttpException:404] yii\base\InvalidRouteException: Unable to resolve the request "". in C:\xampp\htdocs\basicNew\vendor\yiisoft\yii2\base\Module.php:460
Stack trace:
#0 C:\xampp\htdocs\basicNew\vendor\yiisoft\yii2\web\Application.php(87): yii\base\Module->runAction('', Array)
#1 C:\xampp\htdocs\basicNew\vendor\yiisoft\yii2\base\Application.php(375): yii\web\Application->handleRequest(Object(yii\web\Request))
#2 C:\xampp\htdocs\basicNew\administrador\index.php(12): yii\base\Application->run()
#3 {main}

Next yii\web\NotFoundHttpException: Página não encontrada. in C:\xampp\htdocs\basicNew\vendor\yiisoft\yii2\web\Application.php:99
Stack trace:
#0 C:\xampp\htdocs\basicNew\vendor\yiisoft\yii2\base\Application.php(375): yii\web\Application->handleRequest(Object(yii\web\Request))
#1 C:\xampp\htdocs\basicNew\administrador\index.php(12): yii\base\Application->run()
#2 {main}
2016-11-21 14:51:12 [::1][-][-][info][application] $_COOKIE = [
    '_identity' => '7de0b97829ae12ffb68a9a46adc7ef15fa1c8c390ca5fd002bf62b5509ebb0bba:2:{i:0;s:9:\"_identity\";i:1;s:16:\"[2,null,2592000]\";}'
    '_csrf' => 'b21203f0c80911de3b52cfd2e46843806cedf4a3f4f01329bdbeb8ce59e82a90a:2:{i:0;s:5:\"_csrf\";i:1;s:32:\"Ko21Xc1VnkVFKHJlY5cjZ1kXQuVzQsgE\";}'
    'PHPSESSID' => 'tiq847gmtr9o0c62k8crurkji1'
]

$_SERVER = [
    'MIBDIRS' => '/xampp/php/extras/mibs'
    'MYSQL_HOME' => '\\xampp\\mysql\\bin'
    'OPENSSL_CONF' => '/xampp/apache/bin/openssl.cnf'
    'PHP_PEAR_SYSCONF_DIR' => '\\xampp\\php'
    'PHPRC' => '\\xampp\\php'
    'TMP' => '\\xampp\\tmp'
    'HTTP_HOST' => 'localhost'
    'HTTP_CONNECTION' => 'keep-alive'
    'HTTP_UPGRADE_INSECURE_REQUESTS' => '1'
    'HTTP_USER_AGENT' => 'Mozilla/5.0 (Windows NT 6.1; Win64; x64) AppleWebKit/537.36 (KHTML, like Gecko) Chrome/54.0.2840.99 Safari/537.36'
    'HTTP_ACCEPT' => 'text/html,application/xhtml+xml,application/xml;q=0.9,image/webp,*/*;q=0.8'
    'HTTP_ACCEPT_ENCODING' => 'gzip, deflate, sdch, br'
    'HTTP_ACCEPT_LANGUAGE' => 'pt-BR,pt;q=0.8,en-US;q=0.6,en;q=0.4'
    'HTTP_COOKIE' => '_identity=7de0b97829ae12ffb68a9a46adc7ef15fa1c8c390ca5fd002bf62b5509ebb0bba%3A2%3A%7Bi%3A0%3Bs%3A9%3A%22_identity%22%3Bi%3A1%3Bs%3A16%3A%22%5B2%2Cnull%2C2592000%5D%22%3B%7D; _csrf=b21203f0c80911de3b52cfd2e46843806cedf4a3f4f01329bdbeb8ce59e82a90a%3A2%3A%7Bi%3A0%3Bs%3A5%3A%22_csrf%22%3Bi%3A1%3Bs%3A32%3A%22Ko21Xc1VnkVFKHJlY5cjZ1kXQuVzQsgE%22%3B%7D; PHPSESSID=tiq847gmtr9o0c62k8crurkji1'
    'PATH' => 'C:\\ProgramData\\Oracle\\Java\\javapath;C:\\Windows\\system32;C:\\Windows;C:\\Windows\\System32\\Wbem;C:\\Windows\\System32\\WindowsPowerShell\\v1.0\\;C:\\Program Files (x86)\\Intel\\OpenCL SDK\\2.0\\bin\\x86;C:\\Program Files (x86)\\Intel\\OpenCL SDK\\2.0\\bin\\x64;C:\\Windows\\system32\\config\\systemprofile\\.dnx\\bin;C:\\Program Files\\Microsoft DNX\\Dnvm\\;C:\\Program Files\\Microsoft SQL Server\\130\\Tools\\Binn\\;C:\\Program Files\\MySQL\\MySQL Utilities 1.6\\;C:\\Program Files (x86)\\GtkSharp\\2.12\\bin;C:\\Program Files\\Git\\cmd'
    'SystemRoot' => 'C:\\Windows'
    'COMSPEC' => 'C:\\Windows\\system32\\cmd.exe'
    'PATHEXT' => '.COM;.EXE;.BAT;.CMD;.VBS;.VBE;.JS;.JSE;.WSF;.WSH;.MSC'
    'WINDIR' => 'C:\\Windows'
    'SERVER_SIGNATURE' => '<address>Apache/2.4.23 (Win32) OpenSSL/1.0.2h PHP/7.0.9 Server at localhost Port 80</address>
'
    'SERVER_SOFTWARE' => 'Apache/2.4.23 (Win32) OpenSSL/1.0.2h PHP/7.0.9'
    'SERVER_NAME' => 'localhost'
    'SERVER_ADDR' => '::1'
    'SERVER_PORT' => '80'
    'REMOTE_ADDR' => '::1'
    'DOCUMENT_ROOT' => 'C:/xampp/htdocs'
    'REQUEST_SCHEME' => 'http'
    'CONTEXT_PREFIX' => ''
    'CONTEXT_DOCUMENT_ROOT' => 'C:/xampp/htdocs'
    'SERVER_ADMIN' => 'postmaster@localhost'
    'SCRIPT_FILENAME' => 'C:/xampp/htdocs/basicNew/administrador/index.php'
    'REMOTE_PORT' => '50308'
    'GATEWAY_INTERFACE' => 'CGI/1.1'
    'SERVER_PROTOCOL' => 'HTTP/1.1'
    'REQUEST_METHOD' => 'GET'
    'QUERY_STRING' => ''
    'REQUEST_URI' => '/basicNew/administrador/'
    'SCRIPT_NAME' => '/basicNew/administrador/index.php'
    'PHP_SELF' => '/basicNew/administrador/index.php'
    'REQUEST_TIME_FLOAT' => 1479736272.175
    'REQUEST_TIME' => 1479736272
]
2016-11-21 14:51:29 [::1][-][-][error][yii\web\HttpException:404] yii\base\InvalidRouteException: Unable to resolve the request "". in C:\xampp\htdocs\basicNew\vendor\yiisoft\yii2\base\Module.php:460
Stack trace:
#0 C:\xampp\htdocs\basicNew\vendor\yiisoft\yii2\web\Application.php(87): yii\base\Module->runAction('', Array)
#1 C:\xampp\htdocs\basicNew\vendor\yiisoft\yii2\base\Application.php(375): yii\web\Application->handleRequest(Object(yii\web\Request))
#2 C:\xampp\htdocs\basicNew\admin\index.php(12): yii\base\Application->run()
#3 {main}

Next yii\web\NotFoundHttpException: Página não encontrada. in C:\xampp\htdocs\basicNew\vendor\yiisoft\yii2\web\Application.php:99
Stack trace:
#0 C:\xampp\htdocs\basicNew\vendor\yiisoft\yii2\base\Application.php(375): yii\web\Application->handleRequest(Object(yii\web\Request))
#1 C:\xampp\htdocs\basicNew\admin\index.php(12): yii\base\Application->run()
#2 {main}
2016-11-21 14:51:29 [::1][-][-][info][application] $_COOKIE = [
    '_identity' => '7de0b97829ae12ffb68a9a46adc7ef15fa1c8c390ca5fd002bf62b5509ebb0bba:2:{i:0;s:9:\"_identity\";i:1;s:16:\"[2,null,2592000]\";}'
    '_csrf' => 'b21203f0c80911de3b52cfd2e46843806cedf4a3f4f01329bdbeb8ce59e82a90a:2:{i:0;s:5:\"_csrf\";i:1;s:32:\"Ko21Xc1VnkVFKHJlY5cjZ1kXQuVzQsgE\";}'
    'PHPSESSID' => 'tiq847gmtr9o0c62k8crurkji1'
]

$_SERVER = [
    'MIBDIRS' => '/xampp/php/extras/mibs'
    'MYSQL_HOME' => '\\xampp\\mysql\\bin'
    'OPENSSL_CONF' => '/xampp/apache/bin/openssl.cnf'
    'PHP_PEAR_SYSCONF_DIR' => '\\xampp\\php'
    'PHPRC' => '\\xampp\\php'
    'TMP' => '\\xampp\\tmp'
    'HTTP_HOST' => 'localhost'
    'HTTP_CONNECTION' => 'keep-alive'
    'HTTP_UPGRADE_INSECURE_REQUESTS' => '1'
    'HTTP_USER_AGENT' => 'Mozilla/5.0 (Windows NT 6.1; Win64; x64) AppleWebKit/537.36 (KHTML, like Gecko) Chrome/54.0.2840.99 Safari/537.36'
    'HTTP_ACCEPT' => 'text/html,application/xhtml+xml,application/xml;q=0.9,image/webp,*/*;q=0.8'
    'HTTP_ACCEPT_ENCODING' => 'gzip, deflate, sdch, br'
    'HTTP_ACCEPT_LANGUAGE' => 'pt-BR,pt;q=0.8,en-US;q=0.6,en;q=0.4'
    'HTTP_COOKIE' => '_identity=7de0b97829ae12ffb68a9a46adc7ef15fa1c8c390ca5fd002bf62b5509ebb0bba%3A2%3A%7Bi%3A0%3Bs%3A9%3A%22_identity%22%3Bi%3A1%3Bs%3A16%3A%22%5B2%2Cnull%2C2592000%5D%22%3B%7D; _csrf=b21203f0c80911de3b52cfd2e46843806cedf4a3f4f01329bdbeb8ce59e82a90a%3A2%3A%7Bi%3A0%3Bs%3A5%3A%22_csrf%22%3Bi%3A1%3Bs%3A32%3A%22Ko21Xc1VnkVFKHJlY5cjZ1kXQuVzQsgE%22%3B%7D; PHPSESSID=tiq847gmtr9o0c62k8crurkji1'
    'PATH' => 'C:\\ProgramData\\Oracle\\Java\\javapath;C:\\Windows\\system32;C:\\Windows;C:\\Windows\\System32\\Wbem;C:\\Windows\\System32\\WindowsPowerShell\\v1.0\\;C:\\Program Files (x86)\\Intel\\OpenCL SDK\\2.0\\bin\\x86;C:\\Program Files (x86)\\Intel\\OpenCL SDK\\2.0\\bin\\x64;C:\\Windows\\system32\\config\\systemprofile\\.dnx\\bin;C:\\Program Files\\Microsoft DNX\\Dnvm\\;C:\\Program Files\\Microsoft SQL Server\\130\\Tools\\Binn\\;C:\\Program Files\\MySQL\\MySQL Utilities 1.6\\;C:\\Program Files (x86)\\GtkSharp\\2.12\\bin;C:\\Program Files\\Git\\cmd'
    'SystemRoot' => 'C:\\Windows'
    'COMSPEC' => 'C:\\Windows\\system32\\cmd.exe'
    'PATHEXT' => '.COM;.EXE;.BAT;.CMD;.VBS;.VBE;.JS;.JSE;.WSF;.WSH;.MSC'
    'WINDIR' => 'C:\\Windows'
    'SERVER_SIGNATURE' => '<address>Apache/2.4.23 (Win32) OpenSSL/1.0.2h PHP/7.0.9 Server at localhost Port 80</address>
'
    'SERVER_SOFTWARE' => 'Apache/2.4.23 (Win32) OpenSSL/1.0.2h PHP/7.0.9'
    'SERVER_NAME' => 'localhost'
    'SERVER_ADDR' => '::1'
    'SERVER_PORT' => '80'
    'REMOTE_ADDR' => '::1'
    'DOCUMENT_ROOT' => 'C:/xampp/htdocs'
    'REQUEST_SCHEME' => 'http'
    'CONTEXT_PREFIX' => ''
    'CONTEXT_DOCUMENT_ROOT' => 'C:/xampp/htdocs'
    'SERVER_ADMIN' => 'postmaster@localhost'
    'SCRIPT_FILENAME' => 'C:/xampp/htdocs/basicNew/admin/index.php'
    'REMOTE_PORT' => '50312'
    'GATEWAY_INTERFACE' => 'CGI/1.1'
    'SERVER_PROTOCOL' => 'HTTP/1.1'
    'REQUEST_METHOD' => 'GET'
    'QUERY_STRING' => ''
    'REQUEST_URI' => '/basicNew/admin/'
    'SCRIPT_NAME' => '/basicNew/admin/index.php'
    'PHP_SELF' => '/basicNew/admin/index.php'
    'REQUEST_TIME_FLOAT' => 1479736289.437
    'REQUEST_TIME' => 1479736289
]
